<?xml version="1.0" encoding="UTF-8"?>
<!-- Generated by org.testng.reporters.JUnitReportReporter -->
<testsuite skipped="0" hostname="emil-desktop" name="olx.BaseClass" tests="5" failures="0" timestamp="25 kwi 2018 10:22:52 GMT" time="38.323" errors="0">
  <testcase name="ResetPasswordWithShortPAss" time="17.625" classname="olx.BaseClass"/>
  <testcase name="ResetPassword" time="6.179" classname="olx.BaseClass"/>
  <testcase name="ResetPasswordWithoutEmail" time="4.345" classname="olx.BaseClass"/>
  <testcase name="ResetPasswordWithouNewPass" time="3.995" classname="olx.BaseClass"/>
  <testcase name="RegisterSucces" time="6.179" classname="olx.BaseClass"/>
</testsuite> <!-- olx.BaseClass -->
