<?xml version="1.0" encoding="UTF-8"?>
<!-- Generated by org.testng.reporters.JUnitReportReporter -->
<testsuite skipped="0" hostname="emil-desktop" name="TestngAnnotation" tests="2" failures="0" timestamp="25 kwi 2018 08:56:19 GMT" time="0.021" errors="0">
  <testcase name="testCase1" time="0.014" classname="TestngAnnotation"/>
  <testcase name="testCase2" time="0.007" classname="TestngAnnotation"/>
</testsuite> <!-- TestngAnnotation -->
